<?xml version="1.0" encoding="UTF-8"?>
<!-- Generated by org.testng.reporters.JUnitXMLReporter -->
<testsuite hostname="Poonams-MacBook-Air.local" name="Default test" tests="13" failures="0" timestamp="10 Aug 2017 14:40:00 GMT" time="9.889" errors="0">
  <testcase name="testingParam" time="0.011" classname="firsttestngpackage.FirstTestNGFile"/>
  <testcase name="gotoURL" time="3.982" classname="firsttestngpackage.FirstTestNGFile"/>
  <testcase name="clickSelenium" time="1.055" classname="firsttestngpackage.FirstTestNGFile"/>
  <testcase name="clickDeviceMenu" time="0.305" classname="firsttestngpackage.FirstTestNGFile"/>
  <testcase name="SelectPC" time="0.457" classname="firsttestngpackage.FirstTestNGFile"/>
  <testcase name="ClickOSMenu" time="0.415" classname="firsttestngpackage.FirstTestNGFile"/>
  <testcase name="SelectWinXP" time="1.361" classname="firsttestngpackage.FirstTestNGFile"/>
  <testcase name="ClickBrowserMenu" time="0.29" classname="firsttestngpackage.FirstTestNGFile"/>
  <testcase name="ClickChromeTab" time="0.388" classname="firsttestngpackage.FirstTestNGFile"/>
  <testcase name="Select40" time="0.671" classname="firsttestngpackage.FirstTestNGFile"/>
  <testcase name="ClickJavaTab" time="0.286" classname="firsttestngpackage.FirstTestNGFile"/>
  <testcase name="ClickCopyButton" time="0.277" classname="firsttestngpackage.FirstTestNGFile"/>
  <testcase name="test1" time="0.002" classname="firsttestngpackage.FirstTestNGFile"/>
</testsuite> <!-- Default test -->
